wear/build/intermediates/manifest_merge_blame_file/debug/processDebugMainManifest/manifest-merger-blame-debug-report.txt
1<?xml version="1.0" encoding="utf-8"?>
2<manifest xmlns:android="http://schemas.android.com/apk/res/android"
3    package="com.sysadmindoc.billminder.wear"
4    android:versionCode="4"
5    android:versionName="2.1.1" >
6
7    <uses-sdk
8        android:minSdkVersion="26"
9        android:targetSdkVersion="35" />
10
11    <uses-feature android:name="android.hardware.type.watch" />
11-->src\main\AndroidManifest.xml:4:5-64
11-->src\main\AndroidManifest.xml:4:19-61
12
13    <queries>
13-->[androidx.wear.tiles:tiles:1.6.2] AndroidManifest.xml:7:5-11:15
14        <intent>
14-->[androidx.wear.tiles:tiles:1.6.2] AndroidManifest.xml:8:9-10:18
15            <action android:name="androidx.wear.tiles.action.BIND_UPDATE_REQUESTER" />
15-->[androidx.wear.tiles:tiles:1.6.2] AndroidManifest.xml:9:13-87
15-->[androidx.wear.tiles:tiles:1.6.2] AndroidManifest.xml:9:21-84
16        </intent>
17    </queries>
18
19    <permission
19-->[androidx.core:core:1.15.0] AndroidManifest.xml:22:5-24:47
20        android:name="com.sysadmindoc.billminder.wear.DYNAMIC_RECEIVER_NOT_EXPORTED_PERMISSION"
20-->[androidx.core:core:1.15.0] AndroidManifest.xml:23:9-81
21        android:protectionLevel="signature" />
21-->[androidx.core:core:1.15.0] AndroidManifest.xml:24:9-44
22
23    <uses-permission android:name="com.sysadmindoc.billminder.wear.DYNAMIC_RECEIVER_NOT_EXPORTED_PERMISSION" />
23-->[androidx.core:core:1.15.0] AndroidManifest.xml:26:5-97
23-->[androidx.core:core:1.15.0] AndroidManifest.xml:26:22-94
24
25    <application
25-->src\main\AndroidManifest.xml:6:5-44:19
26        android:allowBackup="false"
26-->src\main\AndroidManifest.xml:7:9-36
27        android:appComponentFactory="androidx.core.app.CoreComponentFactory"
27-->[androidx.core:core:1.15.0] AndroidManifest.xml:28:18-86
28        android:debuggable="true"
29        android:extractNativeLibs="false"
30        android:icon="@drawable/ic_tile"
30-->src\main\AndroidManifest.xml:8:9-41
31        android:label="@string/app_name"
31-->src\main\AndroidManifest.xml:9:9-41
32        android:theme="@style/Theme.BillMinderWear" >
32-->src\main\AndroidManifest.xml:10:9-52
33        <activity
33-->src\main\AndroidManifest.xml:12:9-16:71
34            android:name="com.sysadmindoc.billminder.wear.TileMarkPaidActivity"
34-->src\main\AndroidManifest.xml:13:13-49
35            android:excludeFromRecents="true"
35-->src\main\AndroidManifest.xml:14:13-46
36            android:exported="true"
36-->src\main\AndroidManifest.xml:15:13-36
37            android:theme="@style/Theme.BillMinderWear.Transparent" />
37-->src\main\AndroidManifest.xml:16:13-68
38
39        <service
39-->src\main\AndroidManifest.xml:18:9-31:19
40            android:name="com.sysadmindoc.billminder.wear.BillMinderTileService"
40-->src\main\AndroidManifest.xml:19:13-50
41            android:description="@string/tile_description"
41-->src\main\AndroidManifest.xml:20:13-59
42            android:exported="true"
42-->src\main\AndroidManifest.xml:21:13-36
43            android:icon="@drawable/ic_tile"
43-->src\main\AndroidManifest.xml:22:13-45
44            android:label="@string/tile_label"
44-->src\main\AndroidManifest.xml:23:13-47
45            android:permission="com.google.android.wearable.permission.BIND_TILE_PROVIDER" >
45-->src\main\AndroidManifest.xml:24:13-91
46            <intent-filter>
46-->src\main\AndroidManifest.xml:25:13-27:29
47                <action android:name="androidx.wear.tiles.action.BIND_TILE_PROVIDER" />
47-->src\main\AndroidManifest.xml:26:17-88
47-->src\main\AndroidManifest.xml:26:25-85
48            </intent-filter>
49
50            <meta-data
50-->src\main\AndroidManifest.xml:28:13-30:61
51                android:name="androidx.wear.tiles.PREVIEW"
51-->src\main\AndroidManifest.xml:29:17-59
52                android:resource="@drawable/tile_preview" />
52-->src\main\AndroidManifest.xml:30:17-58
53        </service>
54        <service
54-->src\main\AndroidManifest.xml:33:9-43:19
55            android:name="com.sysadmindoc.billminder.wear.WearDataListenerService"
55-->src\main\AndroidManifest.xml:34:13-52
56            android:exported="true" >
56-->src\main\AndroidManifest.xml:35:13-36
57            <intent-filter>
57-->src\main\AndroidManifest.xml:36:13-42:29
58                <action android:name="com.google.android.gms.wearable.DATA_CHANGED" />
58-->src\main\AndroidManifest.xml:37:17-87
58-->src\main\AndroidManifest.xml:37:25-84
59
60                <data
60-->src\main\AndroidManifest.xml:38:17-41:59
61                    android:host="*"
61-->src\main\AndroidManifest.xml:40:21-37
62                    android:path="/billminder/next-due"
62-->src\main\AndroidManifest.xml:41:21-56
63                    android:scheme="wear" />
63-->src\main\AndroidManifest.xml:39:21-42
64            </intent-filter>
65        </service>
66
67        <uses-library
67-->[androidx.wear.tiles:tiles:1.6.2] AndroidManifest.xml:14:9-16:40
68            android:name="wear-sdk"
68-->[androidx.wear.tiles:tiles:1.6.2] AndroidManifest.xml:15:13-36
69            android:required="false" />
69-->[androidx.wear.tiles:tiles:1.6.2] AndroidManifest.xml:16:13-37
70
71        <activity
71-->[com.google.android.gms:play-services-base:18.5.0] AndroidManifest.xml:5:9-173
72            android:name="com.google.android.gms.common.api.GoogleApiActivity"
72-->[com.google.android.gms:play-services-base:18.5.0] AndroidManifest.xml:5:19-85
73            android:exported="false"
73-->[com.google.android.gms:play-services-base:18.5.0] AndroidManifest.xml:5:146-170
74            android:theme="@android:style/Theme.Translucent.NoTitleBar" />
74-->[com.google.android.gms:play-services-base:18.5.0] AndroidManifest.xml:5:86-145
75
76        <meta-data
76-->[com.google.android.gms:play-services-basement:18.9.0] AndroidManifest.xml:21:9-23:69
77            android:name="com.google.android.gms.version"
77-->[com.google.android.gms:play-services-basement:18.9.0] AndroidManifest.xml:22:13-58
78            android:value="@integer/google_play_services_version" />
78-->[com.google.android.gms:play-services-basement:18.9.0] AndroidManifest.xml:23:13-66
79
80        <provider
80-->[androidx.profileinstaller:profileinstaller:1.3.0] AndroidManifest.xml:24:9-32:20
81            android:name="androidx.startup.InitializationProvider"
81-->[androidx.profileinstaller:profileinstaller:1.3.0] AndroidManifest.xml:25:13-67
82            android:authorities="com.sysadmindoc.billminder.wear.androidx-startup"
82-->[androidx.profileinstaller:profileinstaller:1.3.0] AndroidManifest.xml:26:13-68
83            android:exported="false" >
83-->[androidx.profileinstaller:profileinstaller:1.3.0] AndroidManifest.xml:27:13-37
84            <meta-data
84-->[androidx.profileinstaller:profileinstaller:1.3.0] AndroidManifest.xml:29:13-31:52
85                android:name="androidx.profileinstaller.ProfileInstallerInitializer"
85-->[androidx.profileinstaller:profileinstaller:1.3.0] AndroidManifest.xml:30:17-85
86                android:value="androidx.startup" />
86-->[androidx.profileinstaller:profileinstaller:1.3.0] AndroidManifest.xml:31:17-49
87        </provider>
88
89        <receiver
89-->[androidx.profileinstaller:profileinstaller:1.3.0] AndroidManifest.xml:34:9-52:20
90            android:name="androidx.profileinstaller.ProfileInstallReceiver"
90-->[androidx.profileinstaller:profileinstaller:1.3.0] AndroidManifest.xml:35:13-76
91            android:directBootAware="false"
91-->[androidx.profileinstaller:profileinstaller:1.3.0] AndroidManifest.xml:36:13-44
92            android:enabled="true"
92-->[androidx.profileinstaller:profileinstaller:1.3.0] AndroidManifest.xml:37:13-35
93            android:exported="true"
93-->[androidx.profileinstaller:profileinstaller:1.3.0] AndroidManifest.xml:38:13-36
94            android:permission="android.permission.DUMP" >
94-->[androidx.profileinstaller:profileinstaller:1.3.0] AndroidManifest.xml:39:13-57
95            <intent-filter>
95-->[androidx.profileinstaller:profileinstaller:1.3.0] AndroidManifest.xml:40:13-42:29
96                <action android:name="androidx.profileinstaller.action.INSTALL_PROFILE" />
96-->[androidx.profileinstaller:profileinstaller:1.3.0] AndroidManifest.xml:41:17-91
96-->[androidx.profileinstaller:profileinstaller:1.3.0] AndroidManifest.xml:41:25-88
97            </intent-filter>
98            <intent-filter>
98-->[androidx.profileinstaller:profileinstaller:1.3.0] AndroidManifest.xml:43:13-45:29
99                <action android:name="androidx.profileinstaller.action.SKIP_FILE" />
99-->[androidx.profileinstaller:profileinstaller:1.3.0] AndroidManifest.xml:44:17-85
99-->[androidx.profileinstaller:profileinstaller:1.3.0] AndroidManifest.xml:44:25-82
100            </intent-filter>
101            <intent-filter>
101-->[androidx.profileinstaller:profileinstaller:1.3.0] AndroidManifest.xml:46:13-48:29
102                <action android:name="androidx.profileinstaller.action.SAVE_PROFILE" />
102-->[androidx.profileinstaller:profileinstaller:1.3.0] AndroidManifest.xml:47:17-88
102-->[androidx.profileinstaller:profileinstaller:1.3.0] AndroidManifest.xml:47:25-85
103            </intent-filter>
104            <intent-filter>
104-->[androidx.profileinstaller:profileinstaller:1.3.0] AndroidManifest.xml:49:13-51:29
105                <action android:name="androidx.profileinstaller.action.BENCHMARK_OPERATION" />
105-->[androidx.profileinstaller:profileinstaller:1.3.0] AndroidManifest.xml:50:17-95
105-->[androidx.profileinstaller:profileinstaller:1.3.0] AndroidManifest.xml:50:25-92
106            </intent-filter>
107        </receiver>
108    </application>
109
110</manifest>